<?xml version="1.0" encoding="UTF-8"?>
<!-- Generated by org.testng.reporters.JUnitReportReporter -->
<testsuite hostname="LAPTOP-HOOJ0KJ2" failures="0" tests="3" name="sanitySuite.CreateDeliveryTest" time="84.105" errors="0" timestamp="05 Jun 2022 11:08:16 GMT" skipped="0">
  <testcase classname="sanitySuite.CreateDeliveryTest" name="login_to_real_account_and_navigate_to_create_delivery" time="28.156"/>
  <testcase classname="sanitySuite.CreateDeliveryTest" name="login_to_real_account_and_navigate_to_create_delivery" time="29.222"/>
  <testcase classname="sanitySuite.CreateDeliveryTest" name="login_to_real_account_and_navigate_to_create_delivery" time="26.727"/>
</testsuite> <!-- sanitySuite.CreateDeliveryTest -->
