<?xml version="1.0" encoding="UTF-8"?>
<!-- Generated by org.testng.reporters.JUnitReportReporter -->
<testsuite hostname="LAPTOP-HOOJ0KJ2" failures="0" tests="12" name="sanitySuite.LoginPageTest" time="107.914" errors="0" timestamp="05 Jun 2022 09:58:15 GMT" skipped="0">
  <testcase classname="sanitySuite.LoginPageTest" name="wrong_email_login_attempt" time="14.524"/>
  <testcase classname="sanitySuite.LoginPageTest" name="wrong_email_login_attempt" time="6.959"/>
  <testcase classname="sanitySuite.LoginPageTest" name="wrong_email_login_attempt" time="7.483"/>
  <testcase classname="sanitySuite.LoginPageTest" name="wrong_password_login_attempt" time="6.024"/>
  <testcase classname="sanitySuite.LoginPageTest" name="wrong_password_login_attempt" time="15.183"/>
  <testcase classname="sanitySuite.LoginPageTest" name="wrong_password_login_attempt" time="14.583"/>
  <testcase classname="sanitySuite.LoginPageTest" name="responsive_login_page_test" time="5.365"/>
  <testcase classname="sanitySuite.LoginPageTest" name="responsive_login_page_test" time="7.631"/>
  <testcase classname="sanitySuite.LoginPageTest" name="responsive_login_page_test" time="7.206"/>
  <testcase classname="sanitySuite.LoginPageTest" name="real_email_and_password_login_verify" time="5.974"/>
  <testcase classname="sanitySuite.LoginPageTest" name="real_email_and_password_login_verify" time="8.664"/>
  <testcase classname="sanitySuite.LoginPageTest" name="real_email_and_password_login_verify" time="8.318"/>
</testsuite> <!-- sanitySuite.LoginPageTest -->
