<?xml version="1.0" encoding="UTF-8"?>
<!-- Generated by org.testng.reporters.JUnitReportReporter -->
<testsuite hostname="LAPTOP-HOOJ0KJ2" failures="0" tests="12" name="sanitySuite.LoginPageTest" time="116.626" errors="0" timestamp="05 Jun 2022 11:08:16 GMT" skipped="0">
  <testcase classname="sanitySuite.LoginPageTest" name="wrong_email_login_attempt" time="6.991"/>
  <testcase classname="sanitySuite.LoginPageTest" name="wrong_email_login_attempt" time="4.978"/>
  <testcase classname="sanitySuite.LoginPageTest" name="wrong_email_login_attempt" time="8.229"/>
  <testcase classname="sanitySuite.LoginPageTest" name="wrong_password_login_attempt" time="12.649"/>
  <testcase classname="sanitySuite.LoginPageTest" name="wrong_password_login_attempt" time="5.827"/>
  <testcase classname="sanitySuite.LoginPageTest" name="wrong_password_login_attempt" time="7.325"/>
  <testcase classname="sanitySuite.LoginPageTest" name="responsive_login_page_test" time="19.171"/>
  <testcase classname="sanitySuite.LoginPageTest" name="responsive_login_page_test" time="5.385"/>
  <testcase classname="sanitySuite.LoginPageTest" name="responsive_login_page_test" time="9.383"/>
  <testcase classname="sanitySuite.LoginPageTest" name="real_email_and_password_login_verify" time="14.679"/>
  <testcase classname="sanitySuite.LoginPageTest" name="real_email_and_password_login_verify" time="7.743"/>
  <testcase classname="sanitySuite.LoginPageTest" name="real_email_and_password_login_verify" time="14.266"/>
</testsuite> <!-- sanitySuite.LoginPageTest -->
