<?xml version="1.0" encoding="UTF-8"?>
<!-- Generated by org.testng.reporters.JUnitReportReporter -->
<testsuite hostname="LAPTOP-HOOJ0KJ2" failures="0" tests="3" name="sanitySuite.CreateDeliveryTest" time="67.134" errors="0" timestamp="05 Jun 2022 09:58:15 GMT" skipped="0">
  <testcase classname="sanitySuite.CreateDeliveryTest" name="login_to_real_account_and_navigate_to_create_delivery" time="25.238"/>
  <testcase classname="sanitySuite.CreateDeliveryTest" name="login_to_real_account_and_navigate_to_create_delivery" time="25.111"/>
  <testcase classname="sanitySuite.CreateDeliveryTest" name="login_to_real_account_and_navigate_to_create_delivery" time="16.785"/>
</testsuite> <!-- sanitySuite.CreateDeliveryTest -->
